
------------------------------------
  Logging start.  ## CURRENT TIME  : [6/26, 2014   16:18  1.745]  ## COMMAND LINE  : 
cmd /C "gen_csini.exe"
------------------------------------
[STD-IN] : E:\work\my_projects\robot\source\RoboTrack_workspace\.metadata\.plugins\sst.csgp\bin\env_vars.txt
GUI is waiting for subprocess to be done...
Execution done. EXIT CODE = 0
  Logging finished.  ## CURRENT TIME  : [6/26, 2014   16:18  4.293]
------------------------------------

------------------------------------
  Logging start.  ## CURRENT TIME  : [6/28, 2014   17:21  11.72]  ## COMMAND LINE  : 
cmd /C "gen_csini.exe"
------------------------------------
[STD-IN] : E:\project\robot\source\RoboTrack_workspace\.metadata\.plugins\sst.csgp\bin\env_vars.txt
GUI is waiting for subprocess to be done...
Execution done. EXIT CODE = 0
  Logging finished.  ## CURRENT TIME  : [6/28, 2014   17:21  20.978]
------------------------------------

------------------------------------
  Logging start.  ## CURRENT TIME  : [6/28, 2014   19:38  43.547]  ## COMMAND LINE  : 
cmd /C "gen_csini.exe"
------------------------------------
[STD-IN] : E:\project\robot\source\RoboTrack_workspace\.metadata\.plugins\sst.csgp\bin\env_vars.txt
GUI is waiting for subprocess to be done...
Execution done. EXIT CODE = 0
  Logging finished.  ## CURRENT TIME  : [6/28, 2014   19:38  54.810]
------------------------------------

------------------------------------
  Logging start.  ## CURRENT TIME  : [6/29, 2014   0:36  9.897]  ## COMMAND LINE  : 
cmd /C "gen_csini.exe"
------------------------------------
[STD-IN] : E:\project\robot\source\RoboTrack_workspace\.metadata\.plugins\sst.csgp\bin\env_vars.txt
GUI is waiting for subprocess to be done...
Execution done. EXIT CODE = 0
  Logging finished.  ## CURRENT TIME  : [6/29, 2014   0:36  27.821]
------------------------------------

------------------------------------
  Logging start.  ## CURRENT TIME  : [6/29, 2014   15:50  9.391]  ## COMMAND LINE  : 
cmd /C "gen_csini.exe"
------------------------------------
[STD-IN] : E:\project\robot\source\RoboTrack_workspace\.metadata\.plugins\sst.csgp\bin\env_vars.txt
GUI is waiting for subprocess to be done...
Execution done. EXIT CODE = 0
  Logging finished.  ## CURRENT TIME  : [6/29, 2014   15:50  27.849]
------------------------------------

------------------------------------
  Logging start.  ## CURRENT TIME  : [9/7, 2014   16:7  37.632]  ## COMMAND LINE  : 
cmd /C "gen_csini.exe"
------------------------------------
[STD-IN] : E:\project\robot\source\RoboTrack_workspace\.metadata\.plugins\sst.csgp\bin\env_vars.txt
GUI is waiting for subprocess to be done...
Execution done. EXIT CODE = 0
  Logging finished.  ## CURRENT TIME  : [9/7, 2014   16:7  57.414]
------------------------------------
